May 25, 2017 11:39:20 PM codeu.chat.ServerMain main
INFO: ============================= START OF LOG =============================
May 25, 2017 11:39:20 PM codeu.chat.ServerMain main
INFO: Starting server...
May 25, 2017 11:39:20 PM codeu.chat.ServerMain runServer
INFO: Created server.
May 25, 2017 11:39:20 PM codeu.chat.server.Server$1 run
INFO: Reading update from relay...
May 25, 2017 11:39:20 PM codeu.chat.ServerMain runServer
INFO: Established connection...
May 25, 2017 11:39:25 PM codeu.chat.server.Server$1 run
INFO: Reading update from relay...
May 25, 2017 11:39:30 PM codeu.chat.server.Server$1 run
INFO: Reading update from relay...
May 25, 2017 11:39:35 PM codeu.chat.server.Server$1 run
INFO: Reading update from relay...
May 25, 2017 11:39:40 PM codeu.chat.server.Server$1 run
INFO: Reading update from relay...
May 25, 2017 11:39:45 PM codeu.chat.server.Server$1 run
INFO: Reading update from relay...
May 25, 2017 11:39:50 PM codeu.chat.server.Server$1 run
INFO: Reading update from relay...
May 25, 2017 11:39:55 PM codeu.chat.server.Server$1 run
INFO: Reading update from relay...
May 25, 2017 11:40:00 PM codeu.chat.server.Server$1 run
INFO: Reading update from relay...
May 25, 2017 11:40:05 PM codeu.chat.server.Server$1 run
INFO: Reading update from relay...
May 25, 2017 11:40:10 PM codeu.chat.server.Server$1 run
INFO: Reading update from relay...
May 25, 2017 11:40:15 PM codeu.chat.server.Server$1 run
INFO: Reading update from relay...
May 25, 2017 11:40:20 PM codeu.chat.server.Server$1 run
INFO: Reading update from relay...
May 25, 2017 11:40:25 PM codeu.chat.server.Server$1 run
INFO: Reading update from relay...
May 25, 2017 11:40:30 PM codeu.chat.server.Server$1 run
INFO: Reading update from relay...
May 25, 2017 11:40:35 PM codeu.chat.server.Server$1 run
INFO: Reading update from relay...
May 25, 2017 11:40:40 PM codeu.chat.server.Server$1 run
INFO: Reading update from relay...
May 25, 2017 11:40:45 PM codeu.chat.server.Server$1 run
INFO: Reading update from relay...
May 25, 2017 11:40:50 PM codeu.chat.server.Server$1 run
INFO: Reading update from relay...
May 25, 2017 11:40:55 PM codeu.chat.server.Server$1 run
INFO: Reading update from relay...
May 25, 2017 11:41:00 PM codeu.chat.server.Server$1 run
INFO: Reading update from relay...
May 25, 2017 11:41:05 PM codeu.chat.server.Server$1 run
INFO: Reading update from relay...
May 25, 2017 11:41:10 PM codeu.chat.server.Server$1 run
INFO: Reading update from relay...
May 25, 2017 11:41:15 PM codeu.chat.server.Server$1 run
INFO: Reading update from relay...
May 25, 2017 11:41:20 PM codeu.chat.server.Server$1 run
INFO: Reading update from relay...
May 25, 2017 11:41:25 PM codeu.chat.server.Server$1 run
INFO: Reading update from relay...
May 25, 2017 11:41:30 PM codeu.chat.server.Server$1 run
INFO: Reading update from relay...
May 25, 2017 11:41:35 PM codeu.chat.server.Server$1 run
INFO: Reading update from relay...
May 25, 2017 11:41:40 PM codeu.chat.server.Server$1 run
INFO: Reading update from relay...
May 25, 2017 11:41:45 PM codeu.chat.server.Server$1 run
INFO: Reading update from relay...
May 25, 2017 11:41:50 PM codeu.chat.server.Server$1 run
INFO: Reading update from relay...
May 25, 2017 11:41:55 PM codeu.chat.server.Server$1 run
INFO: Reading update from relay...
May 25, 2017 11:42:00 PM codeu.chat.server.Server$1 run
INFO: Reading update from relay...
May 25, 2017 11:42:05 PM codeu.chat.server.Server$1 run
INFO: Reading update from relay...
May 25, 2017 11:42:10 PM codeu.chat.server.Server$1 run
INFO: Reading update from relay...
May 25, 2017 11:42:15 PM codeu.chat.server.Server$1 run
INFO: Reading update from relay...
May 25, 2017 11:42:20 PM codeu.chat.server.Server$1 run
INFO: Reading update from relay...
May 25, 2017 11:42:25 PM codeu.chat.server.Server$1 run
INFO: Reading update from relay...
May 25, 2017 11:42:30 PM codeu.chat.server.Server$1 run
INFO: Reading update from relay...
May 25, 2017 11:42:35 PM codeu.chat.server.Server$1 run
INFO: Reading update from relay...
May 25, 2017 11:42:40 PM codeu.chat.server.Server$1 run
INFO: Reading update from relay...
May 25, 2017 11:42:45 PM codeu.chat.server.Server$1 run
INFO: Reading update from relay...
May 25, 2017 11:42:50 PM codeu.chat.server.Server$1 run
INFO: Reading update from relay...
May 25, 2017 11:42:55 PM codeu.chat.server.Server$1 run
INFO: Reading update from relay...
May 25, 2017 11:43:00 PM codeu.chat.server.Server$1 run
INFO: Reading update from relay...
May 25, 2017 11:43:05 PM codeu.chat.server.Server$1 run
INFO: Reading update from relay...
May 25, 2017 11:43:10 PM codeu.chat.server.Server$1 run
INFO: Reading update from relay...
May 25, 2017 11:43:15 PM codeu.chat.server.Server$1 run
INFO: Reading update from relay...
May 25, 2017 11:43:20 PM codeu.chat.server.Server$1 run
INFO: Reading update from relay...
May 25, 2017 11:43:25 PM codeu.chat.server.Server$1 run
INFO: Reading update from relay...
May 25, 2017 11:43:30 PM codeu.chat.server.Server$1 run
INFO: Reading update from relay...
May 25, 2017 11:43:35 PM codeu.chat.server.Server$1 run
INFO: Reading update from relay...
May 25, 2017 11:43:40 PM codeu.chat.server.Server$1 run
INFO: Reading update from relay...
May 25, 2017 11:43:45 PM codeu.chat.server.Server$1 run
INFO: Reading update from relay...
May 25, 2017 11:43:50 PM codeu.chat.server.Server$1 run
INFO: Reading update from relay...
May 25, 2017 11:43:55 PM codeu.chat.server.Server$1 run
INFO: Reading update from relay...
May 25, 2017 11:44:00 PM codeu.chat.server.Server$1 run
INFO: Reading update from relay...
May 25, 2017 11:44:05 PM codeu.chat.server.Server$1 run
INFO: Reading update from relay...
May 25, 2017 11:44:10 PM codeu.chat.server.Server$1 run
INFO: Reading update from relay...
May 25, 2017 11:44:15 PM codeu.chat.server.Server$1 run
INFO: Reading update from relay...
May 25, 2017 11:44:20 PM codeu.chat.server.Server$1 run
INFO: Reading update from relay...
May 25, 2017 11:44:25 PM codeu.chat.server.Server$1 run
INFO: Reading update from relay...
May 25, 2017 11:44:30 PM codeu.chat.server.Server$1 run
INFO: Reading update from relay...
May 25, 2017 11:44:35 PM codeu.chat.server.Server$1 run
INFO: Reading update from relay...
May 25, 2017 11:44:40 PM codeu.chat.server.Server$1 run
INFO: Reading update from relay...
May 25, 2017 11:44:45 PM codeu.chat.server.Server$1 run
INFO: Reading update from relay...
May 25, 2017 11:44:50 PM codeu.chat.server.Server$1 run
INFO: Reading update from relay...
May 25, 2017 11:44:55 PM codeu.chat.server.Server$1 run
INFO: Reading update from relay...
May 25, 2017 11:45:00 PM codeu.chat.server.Server$1 run
INFO: Reading update from relay...
May 25, 2017 11:45:05 PM codeu.chat.server.Server$1 run
INFO: Reading update from relay...
May 25, 2017 11:45:10 PM codeu.chat.server.Server$1 run
INFO: Reading update from relay...
May 25, 2017 11:45:15 PM codeu.chat.server.Server$1 run
INFO: Reading update from relay...
May 25, 2017 11:45:20 PM codeu.chat.server.Server$1 run
INFO: Reading update from relay...
May 25, 2017 11:45:25 PM codeu.chat.server.Server$1 run
INFO: Reading update from relay...
May 25, 2017 11:45:30 PM codeu.chat.server.Server$1 run
INFO: Reading update from relay...
May 25, 2017 11:45:35 PM codeu.chat.server.Server$1 run
INFO: Reading update from relay...
May 25, 2017 11:45:40 PM codeu.chat.server.Server$1 run
INFO: Reading update from relay...
May 25, 2017 11:45:45 PM codeu.chat.server.Server$1 run
INFO: Reading update from relay...
May 25, 2017 11:45:50 PM codeu.chat.server.Server$1 run
INFO: Reading update from relay...
May 25, 2017 11:45:55 PM codeu.chat.server.Server$1 run
INFO: Reading update from relay...
May 25, 2017 11:46:00 PM codeu.chat.server.Server$1 run
INFO: Reading update from relay...
May 25, 2017 11:46:05 PM codeu.chat.server.Server$1 run
INFO: Reading update from relay...
May 25, 2017 11:46:10 PM codeu.chat.server.Server$1 run
INFO: Reading update from relay...
May 25, 2017 11:46:15 PM codeu.chat.server.Server$1 run
INFO: Reading update from relay...
May 25, 2017 11:46:20 PM codeu.chat.server.Server$1 run
INFO: Reading update from relay...
May 25, 2017 11:46:25 PM codeu.chat.server.Server$1 run
INFO: Reading update from relay...
